<?xml version="1.0" encoding="UTF-8"?>
<!-- Generated by org.testng.reporters.JUnitReportReporter -->
<testsuite name="co.edu.uelbosque.essatueb.sortbigfiles.EdadComparatorTest" tests="3" time="0.026" ignored="0" failures="0" timestamp="06 Apr 2017 01:28:49 GMT" skipped="0" hostname="fonnegra" errors="0">
  <testcase name="laPruebaDebeOrdenar2PersonasMayorMenor" time="0.001" classname="co.edu.uelbosque.essatueb.sortbigfiles.EdadComparatorTest"/>
  <testcase name="laPruebaDebeOrdenar2PersonasIguales" time="0.024" classname="co.edu.uelbosque.essatueb.sortbigfiles.EdadComparatorTest"/>
  <testcase name="laPruebaDebeOrdenar2PersonasMenorMayor" time="0.001" classname="co.edu.uelbosque.essatueb.sortbigfiles.EdadComparatorTest"/>
</testsuite> <!-- co.edu.uelbosque.essatueb.sortbigfiles.EdadComparatorTest -->
